============================= test session starts =============================
platform win32 -- Python 3.11.7, pytest-9.0.2, pluggy-1.6.0 -- C:\Users\zq\AppData\Local\Programs\Python\Python311\python.exe
cachedir: .pytest_cache
rootdir: E:\workspace\segments
configfile: pyproject.toml
collecting ... collected 269 items

tests/test_action_registry.py::test_registry_register_and_retrieve PASSED [  0%]
tests/test_action_registry.py::test_registry_serialization_roundtrip PASSED [  0%]
tests/test_action_registry.py::test_counterfactual_uses_registry PASSED  [  1%]
tests/test_action_registry.py::test_forward_model_unknown_action_conservative PASSED [  1%]
tests/test_action_registry.py::test_forward_model_register_learned_effects PASSED [  1%]
tests/test_action_schema.py::test_action_schema_round_trip_and_str_compatibility PASSED [  2%]
tests/test_action_schema.py::test_action_schema_hash_is_deterministic_for_same_params PASSED [  2%]
tests/test_baseline_regressions.py::FepPolicyTests::test_infer_policy_prefers_escape_under_high_pressure_and_surprise PASSED [  2%]
tests/test_baseline_regressions.py::MemoryRetrievalTests::test_retrieve_similar_prefers_recent_matching_episodes PASSED [  3%]
tests/test_baseline_regressions.py::WorldModelUpdateTests::test_update_from_error_moves_beliefs_toward_observation PASSED [  3%]
tests/test_baseline_regressions.py::HierarchicalBeliefStateTests::test_large_prediction_error_propagates_weighted_residual PASSED [  4%]
tests/test_baseline_regressions.py::HierarchicalBeliefStateTests::test_perceive_exposes_explicit_hierarchical_signals PASSED [  4%]
tests/test_baseline_regressions.py::HierarchicalBeliefStateTests::test_runtime_accepts_predictive_profile_override PASSED [  4%]
tests/test_baseline_regressions.py::HierarchicalBeliefStateTests::test_small_prediction_error_is_locally_absorbed PASSED [  5%]
tests/test_baseline_regressions.py::HierarchicalBeliefStateTests::test_strategic_dispatch_uses_belief_state_fast_weights PASSED [  5%]
tests/test_baseline_regressions.py::SummaryMetricsTests::test_summary_exposes_baseline_report_fields PASSED [  5%]
tests/test_baseline_regressions.py::DeterminismSmokeTests::test_same_seed_produces_consistent_summary_for_longer_run PASSED [  6%]
tests/test_baseline_regressions.py::BehaviorRegressionTests::test_long_run_does_not_collapse_to_single_action PASSED [  6%]
tests/test_counterfactual.py::TestBasicCounterfactual::test_basic_counterfactual PASSED [  7%]
tests/test_counterfactual.py::TestConfidenceGating::test_confidence_gating PASSED [  7%]
tests/test_counterfactual.py::TestConfidenceGating::test_forward_model_no_data_gives_low_confidence PASSED [  7%]
tests/test_counterfactual.py::TestBehaviorChangeAfterAbsorption::test_behavior_change_after_absorption PASSED [  8%]
tests/test_counterfactual.py::TestBehaviorChangeAfterAbsorption::test_virtual_sandbox_log_in_sleep_history PASSED [  8%]
tests/test_counterfactual.py::TestEnergyBudgetConstraint::test_energy_below_30pct_skips PASSED [  8%]
tests/test_counterfactual.py::TestEnergyBudgetConstraint::test_energy_below_50pct_reduces_depth PASSED [  9%]
tests/test_counterfactual.py::TestNoRegression::test_no_regression PASSED [  9%]
tests/test_counterfactual.py::TestRuminationPrevention::test_rumination_prevention PASSED [ 10%]
tests/test_counterfactual.py::TestMultistepConfidenceDecay::test_multistep_confidence_decay PASSED [ 10%]
tests/test_counterfactual.py::TestMultistepConfidenceDecay::test_pruning_on_low_confidence PASSED [ 10%]
tests/test_counterfactual.py::TestProjectedActionExpectedFreeEnergy::test_project_action_exposes_goal_weighted_expected_free_energy PASSED [ 11%]
tests/test_counterfactual.py::TestCounterfactualSerialization::test_agent_serialization_preserves_insights PASSED [ 11%]
tests/test_counterfactual.py::TestCounterfactualSerialization::test_insight_round_trip PASSED [ 11%]
tests/test_counterfactual_artifact.py::CounterfactualArtifactTests::test_counterfactual_artifact_matches_fixture PASSED [ 12%]
tests/test_counterfactual_artifact.py::CounterfactualArtifactTests::test_counterfactual_artifact_shows_policy_shift PASSED [ 12%]
tests/test_defense_strategy.py::test_evaluate_returns_four_strategies PASSED [ 13%]
tests/test_defense_strategy.py::test_strategies_sorted_by_efe PASSED     [ 13%]
tests/test_defense_strategy.py::test_high_neuroticism_favors_suppress PASSED [ 13%]
tests/test_defense_strategy.py::test_high_openness_favors_accommodate PASSED [ 14%]
tests/test_defense_strategy.py::test_dissociation_raises_suppress_cost PASSED [ 14%]
tests/test_defense_strategy.py::test_precision_debt_raises_suppress_long_term_cost PASSED [ 14%]
tests/test_defense_strategy.py::test_execute_accommodate_shifts_belief PASSED [ 15%]
tests/test_defense_strategy.py::test_execute_suppress_changes_precision PASSED [ 15%]
tests/test_defense_strategy.py::test_execute_redirect_uses_alternative_channel PASSED [ 15%]
tests/test_defense_strategy.py::test_strategy_history_recorded PASSED    [ 16%]
tests/test_defense_strategy.py::test_serialization_round_trip PASSED     [ 16%]
tests/test_determinism.py::test_snapshot_reload_is_identical_after_seeded_run PASSED [ 17%]
tests/test_episode_parameterized.py::test_episode_parameterized_round_trip PASSED [ 17%]
tests/test_error_attribution.py::test_error_attribution_distinguishes_self_world_and_ambiguous PASSED [ 17%]
tests/test_m23_ultimate_consolidation_loop.py::M23UltimateConsolidationLoopTest::test_full_pipeline PASSED [ 18%]
tests/test_m25_acceptance.py::TestM25Surface::test_m25_surface_names_are_importable PASSED [ 18%]
tests/test_m25_acceptance.py::TestM25AcceptanceScenarios::test_scenario_a_resource_gain_compiles_and_improves_controllability_prior PASSED [ 18%]
tests/test_m25_acceptance.py::TestM25AcceptanceScenarios::test_scenario_b_predator_near_miss_updates_trace_memory_and_later_caution PASSED [ 19%]
tests/test_m25_acceptance.py::TestM25AcceptanceScenarios::test_scenario_c_witnessed_fatality_updates_contamination_prior_and_audit_chain PASSED [ 19%]
tests/test_m25_acceptance.py::TestM25AcceptanceCriteria::test_ingestion_service_accepts_raw_narrative_without_manual_observation PASSED [ 20%]
tests/test_m25_acceptance.py::TestM25AcceptanceCriteria::test_trace_and_priors_survive_serialization_round_trip PASSED [ 20%]
tests/test_m25_narrative_plasticity.py::TestM25NarrativePlasticity::test_repeated_predator_logs_shift_action_ranking PASSED [ 20%]
tests/test_m25_narrative_plasticity.py::TestM25NarrativePlasticity::test_witnessed_fatality_increases_contamination_caution PASSED [ 21%]
tests/test_m26_acceptance.py::TestPersonalityProfileUnit::test_default_profile_is_neutral PASSED [ 21%]
tests/test_m26_acceptance.py::TestPersonalityProfileUnit::test_from_dict_handles_none PASSED [ 21%]
tests/test_m26_acceptance.py::TestPersonalityProfileUnit::test_learning_rate_decays PASSED [ 22%]
tests/test_m26_acceptance.py::TestPersonalityProfileUnit::test_neutral_profile_produces_zero_modulation PASSED [ 22%]
tests/test_m26_acceptance.py::TestPersonalityProfileUnit::test_serialization_round_trip PASSED [ 23%]
tests/test_m26_acceptance.py::TestPersonalityProfileUnit::test_signal_absorption_updates_traits PASSED [ 23%]
tests/test_m26_acceptance.py::TestPersonalityProfileUnit::test_traits_clamped PASSED [ 23%]
tests/test_m26_acceptance.py::TestPersonalitySignalExtraction::test_social_positive_appraisal_produces_high_extraversion PASSED [ 24%]
tests/test_m26_acceptance.py::TestPersonalitySignalExtraction::test_threat_appraisal_produces_high_neuroticism PASSED [ 24%]
tests/test_m26_acceptance.py::TestScenarioA_ThreatHistory::test_threat_history_agent_prefers_caution PASSED [ 24%]
tests/test_m26_acceptance.py::TestScenarioA_ThreatHistory::test_threat_history_raises_neuroticism PASSED [ 25%]
tests/test_m26_acceptance.py::TestScenarioB_SocialHistory::test_social_history_agent_values_contact PASSED [ 25%]
tests/test_m26_acceptance.py::TestScenarioB_SocialHistory::test_social_history_raises_extraversion_and_agreeableness PASSED [ 26%]
tests/test_m26_acceptance.py::TestScenarioC_DivergentBehavior::test_divergent_histories_produce_different_profiles PASSED [ 26%]
tests/test_m26_acceptance.py::TestScenarioC_DivergentBehavior::test_divergent_profiles_produce_different_action_rankings PASSED [ 26%]
tests/test_m26_acceptance.py::TestScenarioD_Serialization::test_personality_survives_agent_round_trip PASSED [ 27%]
tests/test_m26_acceptance.py::TestScenarioD_Serialization::test_restored_agent_makes_same_decisions PASSED [ 27%]
tests/test_m26_acceptance.py::TestNoRegressionDefaultProfile::test_fresh_agent_has_neutral_profile PASSED [ 27%]
tests/test_m26_acceptance.py::TestNoRegressionDefaultProfile::test_narrative_trace_includes_personality_deltas PASSED [ 28%]
tests/test_m26_acceptance.py::TestNoRegressionDefaultProfile::test_neutral_personality_does_not_affect_drive_modulation PASSED [ 28%]
tests/test_m2_acceptance.py::TestModuleSurface::test_autobiographical_memory_surface PASSED [ 28%]
tests/test_m2_acceptance.py::TestModuleSurface::test_counterfactual_learning_surface PASSED [ 29%]
tests/test_m2_acceptance.py::TestModuleSurface::test_decision_loop_surface PASSED [ 29%]
tests/test_m2_acceptance.py::TestModuleSurface::test_goal_stack_surface PASSED [ 30%]
tests/test_m2_acceptance.py::TestModuleSurface::test_goal_weight_ordering PASSED [ 30%]
tests/test_m2_acceptance.py::TestModuleSurface::test_self_model_surface PASSED [ 30%]
tests/test_m2_acceptance.py::TestModuleSurface::test_sleep_consolidation_surface PASSED [ 31%]
tests/test_m2_acceptance.py::TestModuleSurface::test_value_hierarchy_is_preference_model PASSED [ 31%]
tests/test_m2_acceptance.py::TestPastInfluence::test_counterfactual_insights_survive_restart PASSED [ 31%]
tests/test_m2_acceptance.py::TestPastInfluence::test_dangerous_past_suppresses_forage PASSED [ 32%]
tests/test_m2_acceptance.py::TestIdentityContinuity::test_action_distribution_stability PASSED [ 32%]
tests/test_m2_acceptance.py::TestIdentityContinuity::test_goal_stack_persists PASSED [ 33%]
tests/test_m2_acceptance.py::TestIdentityContinuity::test_identity_narrative_persists PASSED [ 33%]
tests/test_m2_acceptance.py::TestIdentityContinuity::test_preferred_policies_persist PASSED [ 33%]
tests/test_m2_acceptance.py::TestExplanation::test_consistency_statement_for_matching_pattern PASSED [ 34%]
tests/test_m2_acceptance.py::TestExplanation::test_explanation_includes_memory_or_pattern_bias PASSED [ 34%]
tests/test_m2_acceptance.py::TestExplanation::test_explanation_mentions_deviation_when_applicable PASSED [ 34%]
tests/test_m2_acceptance.py::TestExplanation::test_explanation_structure PASSED [ 35%]
tests/test_m2_acceptance.py::TestSerializationCompleteness::test_autobiographical_memory_timeline_after_sleep PASSED [ 35%]
tests/test_m2_acceptance.py::TestSerializationCompleteness::test_full_agent_round_trip PASSED [ 36%]
tests/test_m2_followup_repair.py::test_trivial_events_are_suppressed_from_episodic_store PASSED [ 36%]
tests/test_m2_followup_repair.py::test_high_surprise_high_value_events_are_preserved PASSED [ 36%]
tests/test_m2_followup_repair.py::test_near_duplicate_episodes_merge_support_instead_of_flattening_store PASSED [ 37%]
tests/test_m2_followup_repair.py::test_narrative_claims_include_support_and_contradiction_evidence PASSED [ 37%]
tests/test_m2_followup_repair.py::test_contradiction_checker_catches_trait_value_and_capability_mismatch PASSED [ 37%]
tests/test_m2_followup_repair.py::test_counterfactual_adoption_honors_cooling_gate PASSED [ 38%]
tests/test_m2_followup_repair.py::test_mixed_attribution_keeps_secondary_origin_and_causal_chain PASSED [ 38%]
tests/test_m2_followup_repair.py::test_episode_gating_covers_multiple_memory_families_and_lifecycle_events PASSED [ 39%]
tests/test_m2_followup_repair.py::test_retrieval_influence_and_benefit_are_distinguishable PASSED [ 39%]
tests/test_m2_followup_repair.py::test_value_hierarchy_remains_stable_under_stronger_conflicts PASSED [ 39%]
tests/test_m2_followup_repair.py::test_counterfactual_graduation_produces_perturbed_benefit_signal PASSED [ 40%]
tests/test_m2_milestone.py::TestM2Milestone::test_explain_structured_states_typical_or_deviating_pattern PASSED [ 40%]
tests/test_m2_milestone.py::TestM2Milestone::test_identity_continuity_survives_json_reload PASSED [ 40%]
tests/test_m2_milestone.py::TestM2Milestone::test_past_influence_changes_future_action_ranking PASSED [ 41%]
tests/test_m2_milestone.py::TestM2Milestone::test_project_action_emits_goal_weighted_expected_free_energy PASSED [ 41%]
tests/test_m2_targeted_repair.py::test_memory_context_changes_prediction_surface PASSED [ 42%]
tests/test_m2_targeted_repair.py::test_runtime_failure_event_preserves_self_vs_world_evidence PASSED [ 42%]
tests/test_m3_readiness.py::TestReadinessAuditHardening::test_build_payload_can_upgrade_to_controlled_ready_verified PASSED [ 42%]
tests/test_m3_readiness.py::TestReadinessAuditHardening::test_claimed_not_revalidated_is_explicit PASSED [ 43%]
tests/test_m3_readiness.py::TestReadinessAuditHardening::test_compression_is_distinguished_from_archive_and_prune PASSED [ 43%]
tests/test_m3_readiness.py::TestReadinessAuditHardening::test_controlled_ready_requires_gating_metrics_and_evidence_quality PASSED [ 43%]
tests/test_m3_readiness.py::TestReadinessAuditHardening::test_family_schema_count_and_runtime_validated_count_are_not_mixed PASSED [ 44%]
tests/test_m3_readiness.py::TestReadinessAuditHardening::test_generator_rebuilds_expected_output_paths PASSED [ 44%]
tests/test_m3_readiness.py::TestReadinessAuditHardening::test_legacy_metric_is_non_gating PASSED [ 44%]
tests/test_m3_readiness.py::TestReadinessAuditHardening::test_missing_current_round_evidence_downgrades_readiness PASSED [ 45%]
tests/test_m3_readiness.py::TestReadinessAuditHardening::test_open_ready_is_not_verified_without_current_round_lifecycle_probe PASSED [ 45%]
tests/test_m3_readiness.py::TestReadinessAuditHardening::test_runtime_lifecycle_probe_distinguishes_compression_archive_and_prune PASSED [ 46%]
tests/test_m3_readiness.py::TestReadinessAuditHardening::test_strict_baseline_is_not_overwritten_by_legacy_full_score PASSED [ 46%]
tests/test_memory.py::EpisodicMemoryTests::test_candidate_episode_can_promote_and_archive_with_audit_trail PASSED [ 46%]
tests/test_memory.py::EpisodicMemoryTests::test_default_surprise_gate_skips_low_value_low_error_ticks PASSED [ 47%]
tests/test_memory.py::EpisodicMemoryTests::test_duplicate_filter PASSED  [ 47%]
tests/test_memory.py::EpisodicMemoryTests::test_family_coverage_and_lifecycle_history_are_structured PASSED [ 47%]
tests/test_memory.py::EpisodicMemoryTests::test_high_prediction_error_triggers_episode_storage_for_neutral_outcome PASSED [ 48%]
tests/test_memory.py::EpisodicMemoryTests::test_high_risk_outcome_triggers_episode_storage PASSED [ 48%]
tests/test_memory.py::EpisodicMemoryTests::test_prediction_error_is_normalized PASSED [ 49%]
tests/test_memory.py::EpisodicMemoryTests::test_surprise_trigger PASSED  [ 49%]
tests/test_memory.py::EpisodicMemoryTests::test_value_hierarchy PASSED   [ 49%]
tests/test_memory.py::SleepConsolidationTests::test_high_risk_patterns_reduce_policy_bias PASSED [ 50%]
tests/test_memory.py::SleepConsolidationTests::test_high_variance_outcomes_trigger_epistemic_bonus PASSED [ 50%]
tests/test_memory.py::SleepConsolidationTests::test_online_clustering_spawns_new_clusters_for_distant_states PASSED [ 50%]
tests/test_memory.py::SleepConsolidationTests::test_prediction_error_decreases_over_multiple_sleep_cycles PASSED [ 51%]
tests/test_memory.py::SleepConsolidationTests::test_sleep_compresses_episodes_without_erasing_semantic_memory PASSED [ 51%]
tests/test_memory.py::SleepConsolidationTests::test_sleep_llm_extractor_can_refine_rules_when_llm_is_available PASSED [ 52%]
tests/test_memory.py::SleepConsolidationTests::test_sleep_llm_extractor_is_a_safe_no_op_without_llm PASSED [ 52%]
tests/test_memory.py::SleepConsolidationTests::test_sleep_pipeline_records_episode_compression_result PASSED [ 52%]
tests/test_memory.py::SleepConsolidationTests::test_sleep_replay_updates_transition_model PASSED [ 53%]
tests/test_memory.py::SleepConsolidationTests::test_sleep_rule_extraction_applies_optional_llm_hook PASSED [ 53%]
tests/test_memory.py::SleepConsolidationTests::test_sleep_rule_extraction_requires_support_and_dominance PASSED [ 53%]
tests/test_memory.py::SleepConsolidationTests::test_sleep_trigger_uses_interval_or_memory_threshold PASSED [ 54%]
tests/test_memory.py::SleepConsolidationTests::test_surprise_based_forgetting_removes_predictable_episodes PASSED [ 54%]
tests/test_metacognitive.py::test_detects_repeated_suppress_pattern PASSED [ 55%]
tests/test_metacognitive.py::test_meta_pe_nonzero_after_suppress_pattern PASSED [ 55%]
tests/test_metacognitive.py::test_meta_pe_exceeds_threshold_triggers_dissociation PASSED [ 55%]
tests/test_metacognitive.py::test_dissociation_increases_suppress_efe_penalty PASSED [ 56%]
tests/test_metacognitive.py::test_dissociation_loosens_belief_variance PASSED [ 56%]
tests/test_metacognitive.py::test_no_dissociation_when_balanced PASSED   [ 56%]
tests/test_metacognitive.py::test_meta_beliefs_updated PASSED            [ 57%]
tests/test_metacognitive.py::test_observe_cycle_integration PASSED       [ 57%]
tests/test_metacognitive.py::test_dissociation_decays_without_pattern PASSED [ 57%]
tests/test_metacognitive.py::test_serialization_round_trip PASSED        [ 58%]
tests/test_narrative_compiler.py::TestNarrativeCompiler::test_predator_near_miss_compiles_deterministically PASSED [ 58%]
tests/test_narrative_compiler.py::TestNarrativeCompiler::test_resource_gain_maps_to_positive_efficacy_and_stable_observation PASSED [ 59%]
tests/test_narrative_compiler.py::TestNarrativeCompiler::test_witnessed_fatality_populates_contamination_path PASSED [ 59%]
tests/test_narrative_evolution.py::TestNarrativeEvolution::test_chapter_creation_on_behavioral_shift PASSED [ 59%]
tests/test_narrative_evolution.py::TestNarrativeEvolution::test_core_identity_stability PASSED [ 60%]
tests/test_narrative_evolution.py::TestNarrativeEvolution::test_core_summary_reflects_history PASSED [ 60%]
tests/test_narrative_evolution.py::TestNarrativeEvolution::test_narrative_survives_restart PASSED [ 60%]
tests/test_narrative_ingestion.py::TestNarrativeIngestion::test_ingestion_stores_appraisal_payload PASSED [ 61%]
tests/test_narrative_ingestion.py::TestNarrativeIngestion::test_service_attaches_sleep_summary_when_agent_should_sleep PASSED [ 61%]
tests/test_narrative_sleep_consolidation.py::TestNarrativeSleepConsolidation::test_narrative_priors_and_trace_survive_round_trip PASSED [ 62%]
tests/test_narrative_sleep_consolidation.py::TestNarrativeSleepConsolidation::test_sleep_updates_narrative_priors PASSED [ 62%]
tests/test_precision_manipulation.py::test_initial_channel_precisions_are_one PASSED [ 62%]
tests/test_precision_manipulation.py::test_personality_modulated_precisions PASSED [ 63%]
tests/test_precision_manipulation.py::test_suppress_lowers_precision PASSED [ 63%]
tests/test_precision_manipulation.py::test_suppress_accumulates_precision_debt PASSED [ 63%]
tests/test_precision_manipulation.py::test_precision_debt_grows_with_repeated_suppress PASSED [ 64%]
tests/test_precision_manipulation.py::test_amplify_raises_precision PASSED [ 64%]
tests/test_precision_manipulation.py::test_redirect_transfers_precision PASSED [ 65%]
tests/test_precision_manipulation.py::test_reframe_slightly_lowers_precision PASSED [ 65%]
tests/test_precision_manipulation.py::test_manipulation_cost_suppress_cheapest_short_term PASSED [ 65%]
tests/test_precision_manipulation.py::test_manipulation_cost_suppress_most_expensive_long_term PASSED [ 66%]
tests/test_precision_manipulation.py::test_precision_debt_decays PASSED  [ 66%]
tests/test_precision_manipulation.py::test_precision_floor PASSED        [ 66%]
tests/test_precision_manipulation.py::test_precision_ceiling PASSED      [ 67%]
tests/test_precision_manipulation.py::test_manipulation_history_recorded PASSED [ 67%]
tests/test_precision_manipulation.py::test_serialization_round_trip PASSED [ 68%]
tests/test_precision_manipulation.py::test_update_personality PASSED     [ 68%]
tests/test_restart_consistency.py::TestRestartConsistency::test_action_distribution_stability PASSED [ 68%]
tests/test_restart_consistency.py::TestRestartConsistency::test_counterfactual_insights_survive_restart PASSED [ 69%]
tests/test_restart_consistency.py::TestRestartConsistency::test_explain_consistency_across_restart PASSED [ 69%]
tests/test_restart_consistency.py::TestRestartConsistency::test_goal_stack_continuity PASSED [ 69%]
tests/test_restart_consistency.py::TestRestartConsistency::test_identity_narrative_persistence PASSED [ 70%]
tests/test_restart_consistency.py::TestRestartConsistency::test_memory_influenced_decision_after_restart PASSED [ 70%]
tests/test_restart_consistency.py::TestRestartConsistency::test_preferred_policies_persistence PASSED [ 71%]
tests/test_runtime.py::SegmentRuntimePersistenceTests::test_daemon_uses_unified_runtime_loop PASSED [ 71%]
tests/test_runtime.py::SegmentRuntimePersistenceTests::test_explain_decision_is_deterministic PASSED [ 71%]
tests/test_runtime.py::SegmentRuntimePersistenceTests::test_integrate_outcome_keeps_negative_free_energy_drop_for_memory PASSED [ 72%]
tests/test_runtime.py::SegmentRuntimePersistenceTests::test_resume_matches_continuous_run_with_same_seed PASSED [ 72%]
tests/test_runtime.py::SegmentRuntimePersistenceTests::test_runtime_converts_step_exceptions_into_termination_reason PASSED [ 72%]
tests/test_runtime.py::SegmentRuntimePersistenceTests::test_runtime_counts_snapshot_failures_without_stopping_loop PASSED [ 73%]
tests/test_runtime.py::SegmentRuntimePersistenceTests::test_runtime_counts_telemetry_failures_without_stopping_loop PASSED [ 73%]
tests/test_runtime.py::SegmentRuntimePersistenceTests::test_runtime_logs_self_error_classification_for_internal_failures PASSED [ 73%]
tests/test_runtime.py::SegmentRuntimePersistenceTests::test_runtime_logs_world_error_classification_for_external_failures PASSED [ 74%]
tests/test_runtime.py::SegmentRuntimePersistenceTests::test_runtime_persists_and_recovers_state PASSED [ 74%]
tests/test_runtime.py::SegmentRuntimePersistenceTests::test_runtime_persists_host_telemetry_state PASSED [ 75%]
tests/test_runtime.py::SegmentRuntimePersistenceTests::test_runtime_recovers_from_corrupt_snapshot_file PASSED [ 75%]
tests/test_runtime.py::SegmentRuntimePersistenceTests::test_runtime_recovers_from_unsupported_snapshot_version PASSED [ 75%]
tests/test_runtime.py::SegmentRuntimePersistenceTests::test_same_seed_produces_identical_runs PASSED [ 76%]
tests/test_self_model.py::SelfModelTests::test_core_beliefs_are_immutable PASSED [ 76%]
tests/test_self_model.py::SelfModelTests::test_error_classification PASSED [ 76%]
tests/test_self_model.py::SelfModelTests::test_resource_prediction PASSED [ 77%]
tests/test_self_model.py::SelfModelTests::test_threat_detection PASSED   [ 77%]
tests/test_sleep_consolidation_loop.py::SleepActionFreezeTests::test_decision_cycle_raises_while_sleeping PASSED [ 78%]
tests/test_sleep_consolidation_loop.py::SleepActionFreezeTests::test_sleeping_flag_resets_after_sleep_completes PASSED [ 78%]
tests/test_sleep_consolidation_loop.py::SleepActionFreezeTests::test_sleeping_flag_resets_even_on_error PASSED [ 78%]
tests/test_sleep_consolidation_loop.py::LLMSleepRuleRefinerTests::test_extractor_delegates_to_refiner PASSED [ 79%]
tests/test_sleep_consolidation_loop.py::LLMSleepRuleRefinerTests::test_parse_clamps_confidence PASSED [ 79%]
tests/test_sleep_consolidation_loop.py::LLMSleepRuleRefinerTests::test_parse_empty_array_returns_fallback PASSED [ 79%]
tests/test_sleep_consolidation_loop.py::LLMSleepRuleRefinerTests::test_parse_garbage_returns_fallback PASSED [ 80%]
tests/test_sleep_consolidation_loop.py::LLMSleepRuleRefinerTests::test_parse_markdown_fenced_json PASSED [ 80%]
tests/test_sleep_consolidation_loop.py::LLMSleepRuleRefinerTests::test_parse_valid_json_array PASSED [ 81%]
tests/test_sleep_consolidation_loop.py::LLMSleepRuleRefinerTests::test_refiner_without_api_key_returns_original PASSED [ 81%]
tests/test_sleep_consolidation_loop.py::SleepConsolidationLoopTests::test_sleep_consolidation_reduces_surprise_on_repeat_anomaly PASSED [ 81%]
tests/test_sleep_llm_consolidation.py::SleepLLMConsolidationTests::test_consolidator_tracks_rules_before_llm PASSED [ 82%]
tests/test_sleep_llm_consolidation.py::SleepLLMConsolidationTests::test_extraction_stage_runs_in_heuristic_mode PASSED [ 82%]
tests/test_sleep_llm_consolidation.py::SleepLLMConsolidationTests::test_heuristic_extractor_is_always_present_as_default PASSED [ 82%]
tests/test_sleep_llm_consolidation.py::SleepLLMConsolidationTests::test_llm_boosted_confidence_affects_slow_weights PASSED [ 83%]
tests/test_sleep_llm_consolidation.py::SleepLLMConsolidationTests::test_llm_confidence_boost_propagates_to_semantic_memory PASSED [ 83%]
tests/test_sleep_llm_consolidation.py::SleepLLMConsolidationTests::test_llm_extractor_is_invoked_during_sleep PASSED [ 84%]
tests/test_sleep_llm_consolidation.py::SleepLLMConsolidationTests::test_no_llm_extractor_produces_llm_used_false PASSED [ 84%]
tests/test_sleep_llm_consolidation.py::SleepLLMConsolidationTests::test_sleep_summary_records_llm_participation PASSED [ 84%]
tests/test_sleep_prediction_flattening.py::SleepPredictionFlatteningTests::test_conditioned_metrics_present_and_consistent PASSED [ 85%]
tests/test_sleep_prediction_flattening.py::SleepPredictionFlatteningTests::test_conditioned_pe_is_weighted_by_episode_count PASSED [ 85%]
tests/test_sleep_prediction_flattening.py::SleepPredictionFlatteningTests::test_estimator_includes_slow_weight_confidence_when_requested PASSED [ 85%]
tests/test_sleep_prediction_flattening.py::SleepPredictionFlatteningTests::test_normalised_pe_decreases_for_ruled_clusters PASSED [ 86%]
tests/test_sleep_prediction_flattening.py::SleepPredictionFlatteningTests::test_normalised_pe_uses_conditioned_metric_not_raw_global_pe PASSED [ 86%]
tests/test_sleep_prediction_flattening.py::SleepPredictionFlatteningTests::test_prediction_flattening_artifact_matches_fixture PASSED [ 86%]
tests/test_sleep_prediction_flattening.py::SleepPredictionFlatteningTests::test_sleep_flattens_prediction_error_for_same_action PASSED [ 87%]
tests/test_sleep_sequence.py::test_sequence_detection_with_repeated_episodes PASSED [ 87%]
tests/test_sleep_sequence.py::test_sequence_rule_stronger_penalty PASSED [ 88%]
tests/test_sleep_sequence.py::test_sequence_condition_serialization PASSED [ 88%]
tests/test_sleep_sequence.py::test_no_sequence_with_insufficient_episodes PASSED [ 88%]
tests/test_sleep_sequence.py::test_predicate_evaluator PASSED            [ 89%]
tests/test_soak_policy_regressions.py::SoakPolicyRegressionTests::test_m0_seed_17_maintains_switching_behavior_over_256_cycles PASSED [ 89%]
tests/test_therapeutic.py::test_vicious_cycle_trust_prior_decreases PASSED [ 89%]
tests/test_therapeutic.py::test_vicious_cycle_lovability_variance_shrinks PASSED [ 90%]
tests/test_therapeutic.py::test_vicious_cycle_suppress_dominates PASSED  [ 90%]
tests/test_therapeutic.py::test_therapeutic_no_meta_limited_effect PASSED [ 91%]
tests/test_therapeutic.py::test_therapeutic_with_meta_shows_improvement PASSED [ 91%]
tests/test_therapeutic.py::test_therapeutic_with_meta_lovability_improves_vs_no_meta PASSED [ 91%]
tests/test_therapeutic.py::test_therapeutic_deterministic PASSED         [ 92%]
tests/test_therapeutic.py::test_trajectory_to_dict PASSED                [ 92%]
tests/test_therapeutic.py::test_therapeutic_ramp_up PASSED               [ 92%]
tests/test_threat_profile_learning.py::test_threat_profile_backward_compatibility_and_learning PASSED [ 93%]
tests/test_trace_memory_hit.py::test_trace_includes_memory_hit_and_prediction_error_sources PASSED [ 93%]
tests/test_value_conflict.py::TestValueConflict::test_conflict_detection PASSED [ 94%]
tests/test_value_conflict.py::TestValueConflict::test_conflict_outcome_backfill PASSED [ 94%]
tests/test_value_conflict.py::TestValueConflict::test_conflict_resolution_consistency PASSED [ 94%]
tests/test_value_conflict.py::TestValueConflict::test_conflict_triggers_chapter_split PASSED [ 95%]
tests/test_value_conflict.py::TestValueConflict::test_no_conflict_when_clear_winner PASSED [ 95%]
tests/test_value_conflict.py::TestValueConflict::test_sleep_conflict_review_adjusts_weights PASSED [ 95%]
tests/test_via_projection.py::test_project_returns_24_strengths PASSED   [ 96%]
tests/test_via_projection.py::test_all_strengths_in_unit_range PASSED    [ 96%]
tests/test_via_projection.py::test_high_openness_boosts_curiosity PASSED [ 97%]
tests/test_via_projection.py::test_high_neuroticism_reduces_bravery PASSED [ 97%]
tests/test_via_projection.py::test_high_agreeableness_boosts_kindness PASSED [ 97%]
tests/test_via_projection.py::test_meaning_construction_boosts_spirituality PASSED [ 98%]
tests/test_via_projection.py::test_emotional_regulation_boosts_humor PASSED [ 98%]
tests/test_via_projection.py::test_trust_prior_affects_love PASSED       [ 98%]
tests/test_via_projection.py::test_top_strengths PASSED                  [ 99%]
tests/test_via_projection.py::test_to_dict PASSED                        [ 99%]
tests/test_via_projection.py::test_neutral_personality_moderate_strengths PASSED [100%]

======================= 269 passed in 494.56s (0:08:14) =======================
